{"contracts\\SemanticNet.sol":{"l":{"25":7,"26":7,"28":7,"29":7,"30":7,"31":7,"33":7,"35":7,"36":7,"37":7,"45":1,"47":1,"48":1,"49":1,"52":1,"54":1,"55":1,"57":1,"60":1,"61":1,"63":0,"69":1,"70":1,"72":1,"91":1,"122":0,"123":0,"124":0,"126":0,"128":0,"129":0,"130":0,"133":0,"135":0,"136":0,"137":0,"138":0,"139":0,"140":0,"144":0,"150":0,"157":22,"158":22,"159":22,"162":22,"164":22,"166":8,"167":8,"169":8,"172":8,"175":22,"176":22,"178":22,"179":22,"180":22,"181":22,"182":22,"186":22,"187":30,"191":22,"194":22,"196":22,"197":22,"199":22,"201":22},"path":"D:/Blockchain/Single Project/BlockchainSemanticNet/contracts/SemanticNet.sol","s":{"1":7,"2":7,"3":7,"4":7,"5":7,"6":7,"7":7,"8":7,"9":1,"10":1,"11":1,"12":1,"13":1,"14":1,"15":1,"16":1,"17":0,"18":1,"19":1,"20":1,"21":1,"22":0,"23":0,"24":0,"25":0,"26":0,"27":0,"28":0,"29":0,"30":0,"31":0,"32":0,"33":0,"34":0,"35":22,"36":22,"37":22,"38":22,"39":22,"40":8,"41":8,"42":8,"43":22,"44":22,"45":22,"46":22,"47":22,"48":22,"49":22,"50":22,"51":22,"52":22},"b":{"1":[1,0],"2":[0,0],"3":[0,0]},"f":{"1":7,"2":1,"3":0,"4":22},"fnMap":{"1":{"name":null,"line":24,"loc":{"start":{"line":24,"column":4},"end":{"line":24,"column":22}}},"2":{"name":"getNodeJson","line":44,"loc":{"start":{"line":44,"column":4},"end":{"line":44,"column":88}}},"3":{"name":"notDuplicate","line":120,"loc":{"start":{"line":120,"column":5},"end":{"line":121,"column":5}}},"4":{"name":"addNode","line":154,"loc":{"start":{"line":154,"column":4},"end":{"line":154,"column":73}}}},"statementMap":{"1":{"start":{"line":25,"column":8},"end":{"line":25,"column":25}},"2":{"start":{"line":26,"column":8},"end":{"line":26,"column":35}},"3":{"start":{"line":28,"column":9},"end":{"line":28,"column":78}},"4":{"start":{"line":29,"column":9},"end":{"line":29,"column":37}},"5":{"start":{"line":30,"column":9},"end":{"line":30,"column":36}},"6":{"start":{"line":35,"column":9},"end":{"line":35,"column":26}},"7":{"start":{"line":36,"column":9},"end":{"line":36,"column":32}},"8":{"start":{"line":37,"column":9},"end":{"line":37,"column":25}},"9":{"start":{"line":45,"column":8},"end":{"line":45,"column":65}},"10":{"start":{"line":47,"column":8},"end":{"line":47,"column":60}},"11":{"start":{"line":48,"column":8},"end":{"line":48,"column":39}},"12":{"start":{"line":49,"column":8},"end":{"line":49,"column":22}},"13":{"start":{"line":52,"column":8},"end":{"line":52,"column":1706}},"14":{"start":{"line":54,"column":12},"end":{"line":54,"column":47}},"15":{"start":{"line":55,"column":12},"end":{"line":55,"column":47}},"16":{"start":{"line":61,"column":11},"end":{"line":61,"column":1996}},"17":{"start":{"line":63,"column":11},"end":{"line":63,"column":2109}},"18":{"start":{"line":69,"column":12},"end":{"line":69,"column":60}},"19":{"start":{"line":70,"column":10},"end":{"line":70,"column":2319}},"20":{"start":{"line":72,"column":10},"end":{"line":72,"column":2428}},"21":{"start":{"line":91,"column":8},"end":{"line":91,"column":92}},"22":{"start":{"line":122,"column":8},"end":{"line":122,"column":63}},"23":{"start":{"line":123,"column":8},"end":{"line":123,"column":42}},"24":{"start":{"line":124,"column":8},"end":{"line":124,"column":22}},"25":{"start":{"line":126,"column":8},"end":{"line":126,"column":4390}},"26":{"start":{"line":128,"column":12},"end":{"line":128,"column":47}},"27":{"start":{"line":129,"column":12},"end":{"line":129,"column":53}},"28":{"start":{"line":133,"column":8},"end":{"line":133,"column":32}},"29":{"start":{"line":135,"column":8},"end":{"line":135,"column":4726}},"30":{"start":{"line":136,"column":12},"end":{"line":136,"column":79}},"31":{"start":{"line":137,"column":12},"end":{"line":137,"column":79}},"32":{"start":{"line":138,"column":12},"end":{"line":138,"column":4965}},"33":{"start":{"line":139,"column":16},"end":{"line":139,"column":34}},"34":{"start":{"line":144,"column":8},"end":{"line":144,"column":78}},"35":{"start":{"line":157,"column":8},"end":{"line":157,"column":63}},"36":{"start":{"line":158,"column":8},"end":{"line":158,"column":42}},"37":{"start":{"line":159,"column":8},"end":{"line":159,"column":22}},"38":{"start":{"line":162,"column":8},"end":{"line":162,"column":109}},"39":{"start":{"line":164,"column":8},"end":{"line":164,"column":5823}},"40":{"start":{"line":166,"column":12},"end":{"line":166,"column":47}},"41":{"start":{"line":167,"column":12},"end":{"line":167,"column":53}},"42":{"start":{"line":169,"column":12},"end":{"line":169,"column":6095}},"43":{"start":{"line":175,"column":8},"end":{"line":175,"column":84}},"44":{"start":{"line":176,"column":8},"end":{"line":176,"column":63}},"45":{"start":{"line":179,"column":8},"end":{"line":179,"column":27}},"46":{"start":{"line":180,"column":8},"end":{"line":180,"column":35}},"47":{"start":{"line":181,"column":8},"end":{"line":181,"column":34}},"48":{"start":{"line":182,"column":8},"end":{"line":182,"column":71}},"49":{"start":{"line":186,"column":8},"end":{"line":186,"column":6789}},"50":{"start":{"line":196,"column":8},"end":{"line":196,"column":62}},"51":{"start":{"line":199,"column":8},"end":{"line":199,"column":84}},"52":{"start":{"line":201,"column":8},"end":{"line":201,"column":29}}},"branchMap":{"1":{"line":45,"type":"if","locations":[{"start":{"line":45,"column":8},"end":{"line":45,"column":8}},{"start":{"line":45,"column":8},"end":{"line":45,"column":8}}]},"2":{"line":138,"type":"if","locations":[{"start":{"line":138,"column":12},"end":{"line":138,"column":12}},{"start":{"line":138,"column":12},"end":{"line":138,"column":12}}]},"3":{"line":144,"type":"if","locations":[{"start":{"line":144,"column":8},"end":{"line":144,"column":8}},{"start":{"line":144,"column":8},"end":{"line":144,"column":8}}]}}},"contracts\\strings.sol":{"l":{"47":148,"48":0,"51":0,"52":0,"56":148,"57":148,"70":147,"71":147,"74":147,"83":0,"84":0,"85":0,"86":0,"87":0,"88":0,"90":0,"91":0,"92":0,"94":0,"95":0,"96":0,"98":0,"99":0,"100":0,"102":0,"103":0,"105":0,"117":0,"123":0,"132":0,"141":24,"142":24,"143":24,"145":24,"146":24,"159":0,"160":0,"161":0,"162":0,"163":0,"164":0,"165":0,"167":0,"169":0,"171":0,"173":0,"175":0,"186":0,"199":0,"200":0,"201":0,"203":0,"204":0,"205":0,"206":0,"207":0,"208":0,"212":0,"214":0,"215":0,"216":0,"218":0,"219":0,"220":0,"222":0,"223":0,"225":0,"235":0,"246":0,"248":0,"249":0,"250":0,"253":0,"254":0,"256":0,"257":0,"258":0,"260":0,"262":0,"264":0,"268":0,"269":0,"270":0,"271":0,"272":0,"275":0,"276":0,"277":0,"278":0,"288":0,"297":0,"298":0,"301":0,"302":0,"303":0,"306":0,"307":0,"308":0,"309":0,"310":0,"312":0,"313":0,"315":0,"316":0,"318":0,"319":0,"323":0,"324":0,"327":0,"328":0,"329":0,"330":0,"332":0,"334":0,"337":0,"346":0,"358":0,"359":0,"362":0,"363":0,"366":0,"367":0,"373":0,"384":0,"385":0,"388":0,"389":0,"390":0,"398":0,"399":0,"400":0,"403":0,"413":0,"414":0,"417":0,"419":0,"420":0,"423":0,"424":0,"430":0,"441":0,"442":0,"445":0,"446":0,"447":0,"448":0,"455":0,"456":0,"459":0,"467":0,"468":0,"470":0,"471":0,"472":0,"474":0,"475":0,"477":0,"478":0,"479":0,"481":0,"482":0,"483":0,"484":0,"485":0,"487":0,"490":0,"491":0,"493":0,"494":0,"495":0,"496":0,"497":0,"498":0,"502":0,"508":0,"510":0,"511":0,"512":0,"514":0,"515":0,"517":0,"518":0,"519":0,"521":0,"522":0,"523":0,"524":0,"525":0,"527":0,"530":0,"531":0,"532":0,"533":0,"534":0,"535":0,"536":0,"537":0,"538":0,"542":0,"554":0,"555":0,"556":0,"557":0,"569":0,"570":0,"571":0,"585":0,"586":0,"587":0,"588":0,"590":0,"592":0,"593":0,"595":0,"608":0,"622":0,"623":0,"624":0,"625":0,"627":0,"629":0,"631":0,"644":0,"654":0,"655":0,"656":0,"657":0,"668":0,"679":62,"680":62,"681":62,"682":62,"683":62,"684":62,"696":0,"697":0,"699":0,"700":0,"701":0,"703":0,"704":0,"705":0,"707":0,"708":0,"709":0,"710":0,"711":0,"712":0,"716":0},"path":"D:/Blockchain/Single Project/BlockchainSemanticNet/contracts/strings.sol","s":{"1":148,"2":0,"3":0,"4":148,"5":147,"6":0,"7":0,"8":0,"9":0,"10":0,"11":0,"12":0,"13":0,"14":0,"15":0,"16":0,"17":0,"18":0,"19":0,"20":0,"21":0,"22":0,"23":0,"24":0,"25":24,"26":24,"27":24,"28":0,"29":0,"30":0,"31":0,"32":0,"33":0,"34":0,"35":0,"36":0,"37":0,"38":0,"39":0,"40":0,"41":0,"42":0,"43":0,"44":0,"45":0,"46":0,"47":0,"48":0,"49":0,"50":0,"51":0,"52":0,"53":0,"54":0,"55":0,"56":0,"57":0,"58":0,"59":0,"60":0,"61":0,"62":0,"63":0,"64":0,"65":0,"66":0,"67":0,"68":0,"69":0,"70":0,"71":0,"72":0,"73":0,"74":0,"75":0,"76":0,"77":0,"78":0,"79":0,"80":0,"81":0,"82":0,"83":0,"84":0,"85":0,"86":0,"87":0,"88":0,"89":0,"90":0,"91":0,"92":0,"93":0,"94":0,"95":0,"96":0,"97":0,"98":0,"99":0,"100":0,"101":0,"102":0,"103":0,"104":0,"105":0,"106":0,"107":0,"108":0,"109":0,"110":0,"111":0,"112":0,"113":0,"114":0,"115":0,"116":0,"117":0,"118":0,"119":0,"120":0,"121":0,"122":0,"123":0,"124":0,"125":0,"126":0,"127":0,"128":0,"129":0,"130":0,"131":0,"132":0,"133":0,"134":0,"135":0,"136":0,"137":0,"138":0,"139":0,"140":0,"141":0,"142":0,"143":0,"144":0,"145":0,"146":0,"147":0,"148":0,"149":0,"150":0,"151":0,"152":0,"153":0,"154":0,"155":0,"156":0,"157":0,"158":0,"159":0,"160":0,"161":0,"162":0,"163":0,"164":0,"165":0,"166":0,"167":0,"168":0,"169":0,"170":0,"171":0,"172":0,"173":0,"174":0,"175":0,"176":0,"177":0,"178":0,"179":0,"180":0,"181":0,"182":0,"183":0,"184":0,"185":0,"186":0,"187":0,"188":62,"189":62,"190":62,"191":62,"192":0,"193":0,"194":0,"195":0,"196":0,"197":0,"198":0,"199":0,"200":0,"201":0,"202":0,"203":0,"204":0},"b":{"1":[0,0],"2":[0,0],"3":[0,0],"4":[0,0],"5":[0,0],"6":[0,0],"7":[0,0],"8":[0,0],"9":[0,0],"10":[0,0],"11":[0,0],"12":[0,0],"13":[0,0],"14":[0,0],"15":[0,0],"16":[0,0],"17":[0,0],"18":[0,0],"19":[0,0],"20":[0,0],"21":[0,0],"22":[0,0],"23":[0,0],"24":[0,0],"25":[0,0],"26":[0,0],"27":[0,0],"28":[0,0],"29":[0,0],"30":[0,0],"31":[0,0],"32":[0,0],"33":[0,0],"34":[0,0],"35":[0,0],"36":[0,0],"37":[0,0],"38":[0,0],"39":[0,0],"40":[0,0],"41":[0,0],"42":[0,0],"43":[0,0],"44":[0,0],"45":[0,0],"46":[0,0],"47":[0,0],"48":[0,0]},"f":{"1":148,"2":147,"3":0,"4":0,"5":0,"6":24,"7":0,"8":0,"9":0,"10":0,"11":0,"12":0,"13":0,"14":0,"15":0,"16":0,"17":0,"18":0,"19":0,"20":0,"21":0,"22":0,"23":0,"24":0,"25":0,"26":0,"27":0,"28":0,"29":62,"30":0},"fnMap":{"1":{"name":"memcpy","line":45,"loc":{"start":{"line":45,"column":4},"end":{"line":45,"column":61}}},"2":{"name":"toSlice","line":69,"loc":{"start":{"line":69,"column":4},"end":{"line":69,"column":61}}},"3":{"name":"len","line":82,"loc":{"start":{"line":82,"column":4},"end":{"line":82,"column":57}}},"4":{"name":"toSliceB32","line":115,"loc":{"start":{"line":115,"column":4},"end":{"line":115,"column":69}}},"5":{"name":"copy","line":131,"loc":{"start":{"line":131,"column":4},"end":{"line":131,"column":57}}},"6":{"name":"toString","line":140,"loc":{"start":{"line":140,"column":4},"end":{"line":140,"column":62}}},"7":{"name":"len","line":157,"loc":{"start":{"line":157,"column":4},"end":{"line":157,"column":57}}},"8":{"name":"empty","line":185,"loc":{"start":{"line":185,"column":4},"end":{"line":185,"column":57}}},"9":{"name":"compare","line":198,"loc":{"start":{"line":198,"column":4},"end":{"line":198,"column":71}}},"10":{"name":"equals","line":234,"loc":{"start":{"line":234,"column":4},"end":{"line":234,"column":71}}},"11":{"name":"nextRune","line":245,"loc":{"start":{"line":245,"column":4},"end":{"line":245,"column":73}}},"12":{"name":"nextRune","line":287,"loc":{"start":{"line":287,"column":4},"end":{"line":287,"column":65}}},"13":{"name":"ord","line":296,"loc":{"start":{"line":296,"column":4},"end":{"line":296,"column":59}}},"14":{"name":"keccak","line":345,"loc":{"start":{"line":345,"column":4},"end":{"line":345,"column":65}}},"15":{"name":"startsWith","line":357,"loc":{"start":{"line":357,"column":4},"end":{"line":357,"column":76}}},"16":{"name":"beyond","line":383,"loc":{"start":{"line":383,"column":4},"end":{"line":383,"column":73}}},"17":{"name":"endsWith","line":412,"loc":{"start":{"line":412,"column":4},"end":{"line":412,"column":74}}},"18":{"name":"until","line":440,"loc":{"start":{"line":440,"column":4},"end":{"line":440,"column":72}}},"19":{"name":"findPtr","line":466,"loc":{"start":{"line":466,"column":4},"end":{"line":466,"column":106}}},"20":{"name":"rfindPtr","line":507,"loc":{"start":{"line":507,"column":4},"end":{"line":507,"column":107}}},"21":{"name":"find","line":553,"loc":{"start":{"line":553,"column":4},"end":{"line":553,"column":71}}},"22":{"name":"rfind","line":568,"loc":{"start":{"line":568,"column":4},"end":{"line":568,"column":72}}},"23":{"name":"split","line":584,"loc":{"start":{"line":584,"column":4},"end":{"line":584,"column":85}}},"24":{"name":"split","line":607,"loc":{"start":{"line":607,"column":4},"end":{"line":607,"column":78}}},"25":{"name":"rsplit","line":621,"loc":{"start":{"line":621,"column":4},"end":{"line":621,"column":86}}},"26":{"name":"rsplit","line":643,"loc":{"start":{"line":643,"column":4},"end":{"line":643,"column":79}}},"27":{"name":"count","line":653,"loc":{"start":{"line":653,"column":4},"end":{"line":653,"column":75}}},"28":{"name":"contains","line":667,"loc":{"start":{"line":667,"column":4},"end":{"line":667,"column":74}}},"29":{"name":"concat","line":678,"loc":{"start":{"line":678,"column":4},"end":{"line":678,"column":73}}},"30":{"name":"join","line":695,"loc":{"start":{"line":695,"column":4},"end":{"line":695,"column":73}}}},"statementMap":{"1":{"start":{"line":47,"column":8},"end":{"line":47,"column":2264}},"2":{"start":{"line":51,"column":12},"end":{"line":51,"column":21}},"3":{"start":{"line":52,"column":12},"end":{"line":52,"column":20}},"4":{"start":{"line":56,"column":8},"end":{"line":56,"column":40}},"5":{"start":{"line":74,"column":8},"end":{"line":74,"column":45}},"6":{"start":{"line":84,"column":8},"end":{"line":84,"column":3417}},"7":{"start":{"line":85,"column":12},"end":{"line":85,"column":20}},"8":{"start":{"line":86,"column":8},"end":{"line":86,"column":3452}},"9":{"start":{"line":87,"column":12},"end":{"line":87,"column":20}},"10":{"start":{"line":88,"column":12},"end":{"line":88,"column":75}},"11":{"start":{"line":90,"column":8},"end":{"line":90,"column":3629}},"12":{"start":{"line":91,"column":12},"end":{"line":91,"column":19}},"13":{"start":{"line":92,"column":12},"end":{"line":92,"column":59}},"14":{"start":{"line":94,"column":8},"end":{"line":94,"column":3773}},"15":{"start":{"line":95,"column":12},"end":{"line":95,"column":19}},"16":{"start":{"line":96,"column":12},"end":{"line":96,"column":51}},"17":{"start":{"line":98,"column":8},"end":{"line":98,"column":3901}},"18":{"start":{"line":99,"column":12},"end":{"line":99,"column":19}},"19":{"start":{"line":100,"column":12},"end":{"line":100,"column":47}},"20":{"start":{"line":102,"column":8},"end":{"line":102,"column":4021}},"21":{"start":{"line":103,"column":12},"end":{"line":103,"column":19}},"22":{"start":{"line":105,"column":8},"end":{"line":105,"column":23}},"23":{"start":{"line":123,"column":8},"end":{"line":123,"column":27}},"24":{"start":{"line":132,"column":8},"end":{"line":132,"column":42}},"25":{"start":{"line":141,"column":8},"end":{"line":141,"column":48}},"26":{"start":{"line":145,"column":8},"end":{"line":145,"column":43}},"27":{"start":{"line":146,"column":8},"end":{"line":146,"column":18}},"28":{"start":{"line":159,"column":8},"end":{"line":159,"column":32}},"29":{"start":{"line":160,"column":8},"end":{"line":160,"column":33}},"30":{"start":{"line":161,"column":8},"end":{"line":161,"column":6169}},"31":{"start":{"line":164,"column":12},"end":{"line":164,"column":6291}},"32":{"start":{"line":165,"column":16},"end":{"line":165,"column":23}},"33":{"start":{"line":166,"column":19},"end":{"line":166,"column":6354}},"34":{"start":{"line":167,"column":16},"end":{"line":167,"column":23}},"35":{"start":{"line":168,"column":19},"end":{"line":168,"column":6416}},"36":{"start":{"line":169,"column":16},"end":{"line":169,"column":23}},"37":{"start":{"line":170,"column":19},"end":{"line":170,"column":6478}},"38":{"start":{"line":171,"column":16},"end":{"line":171,"column":23}},"39":{"start":{"line":172,"column":19},"end":{"line":172,"column":6540}},"40":{"start":{"line":173,"column":16},"end":{"line":173,"column":23}},"41":{"start":{"line":175,"column":16},"end":{"line":175,"column":23}},"42":{"start":{"line":186,"column":8},"end":{"line":186,"column":29}},"43":{"start":{"line":199,"column":8},"end":{"line":199,"column":32}},"44":{"start":{"line":200,"column":8},"end":{"line":200,"column":7536}},"45":{"start":{"line":201,"column":12},"end":{"line":201,"column":32}},"46":{"start":{"line":203,"column":8},"end":{"line":203,"column":31}},"47":{"start":{"line":204,"column":8},"end":{"line":204,"column":33}},"48":{"start":{"line":205,"column":8},"end":{"line":205,"column":7658}},"49":{"start":{"line":212,"column":12},"end":{"line":212,"column":7879}},"50":{"start":{"line":214,"column":16},"end":{"line":214,"column":41}},"51":{"start":{"line":215,"column":16},"end":{"line":215,"column":8034}},"52":{"start":{"line":216,"column":18},"end":{"line":216,"column":63}},"53":{"start":{"line":218,"column":16},"end":{"line":218,"column":53}},"54":{"start":{"line":219,"column":16},"end":{"line":219,"column":8234}},"55":{"start":{"line":220,"column":20},"end":{"line":220,"column":36}},"56":{"start":{"line":222,"column":12},"end":{"line":222,"column":24}},"57":{"start":{"line":223,"column":12},"end":{"line":223,"column":25}},"58":{"start":{"line":225,"column":8},"end":{"line":225,"column":47}},"59":{"start":{"line":235,"column":8},"end":{"line":235,"column":40}},"60":{"start":{"line":246,"column":8},"end":{"line":246,"column":28}},"61":{"start":{"line":248,"column":8},"end":{"line":248,"column":9191}},"62":{"start":{"line":249,"column":12},"end":{"line":249,"column":24}},"63":{"start":{"line":250,"column":12},"end":{"line":250,"column":23}},"64":{"start":{"line":257,"column":8},"end":{"line":257,"column":9461}},"65":{"start":{"line":258,"column":12},"end":{"line":258,"column":16}},"66":{"start":{"line":259,"column":15},"end":{"line":259,"column":9513}},"67":{"start":{"line":260,"column":12},"end":{"line":260,"column":16}},"68":{"start":{"line":261,"column":15},"end":{"line":261,"column":9564}},"69":{"start":{"line":262,"column":12},"end":{"line":262,"column":16}},"70":{"start":{"line":264,"column":12},"end":{"line":264,"column":16}},"71":{"start":{"line":268,"column":8},"end":{"line":268,"column":9702}},"72":{"start":{"line":269,"column":12},"end":{"line":269,"column":32}},"73":{"start":{"line":270,"column":12},"end":{"line":270,"column":33}},"74":{"start":{"line":271,"column":12},"end":{"line":271,"column":24}},"75":{"start":{"line":272,"column":12},"end":{"line":272,"column":23}},"76":{"start":{"line":275,"column":8},"end":{"line":275,"column":21}},"77":{"start":{"line":276,"column":8},"end":{"line":276,"column":21}},"78":{"start":{"line":277,"column":8},"end":{"line":277,"column":20}},"79":{"start":{"line":278,"column":8},"end":{"line":278,"column":19}},"80":{"start":{"line":288,"column":8},"end":{"line":288,"column":26}},"81":{"start":{"line":297,"column":8},"end":{"line":297,"column":10587}},"82":{"start":{"line":298,"column":12},"end":{"line":298,"column":20}},"83":{"start":{"line":303,"column":8},"end":{"line":303,"column":30}},"84":{"start":{"line":307,"column":8},"end":{"line":307,"column":30}},"85":{"start":{"line":308,"column":8},"end":{"line":308,"column":10868}},"86":{"start":{"line":309,"column":12},"end":{"line":309,"column":18}},"87":{"start":{"line":310,"column":12},"end":{"line":310,"column":21}},"88":{"start":{"line":311,"column":15},"end":{"line":311,"column":10947}},"89":{"start":{"line":312,"column":12},"end":{"line":312,"column":25}},"90":{"start":{"line":313,"column":12},"end":{"line":313,"column":21}},"91":{"start":{"line":314,"column":15},"end":{"line":314,"column":11032}},"92":{"start":{"line":315,"column":12},"end":{"line":315,"column":25}},"93":{"start":{"line":316,"column":12},"end":{"line":316,"column":21}},"94":{"start":{"line":318,"column":12},"end":{"line":318,"column":25}},"95":{"start":{"line":319,"column":12},"end":{"line":319,"column":21}},"96":{"start":{"line":323,"column":8},"end":{"line":323,"column":11238}},"97":{"start":{"line":324,"column":12},"end":{"line":324,"column":20}},"98":{"start":{"line":327,"column":8},"end":{"line":327,"column":11309}},"99":{"start":{"line":328,"column":12},"end":{"line":328,"column":34}},"100":{"start":{"line":329,"column":12},"end":{"line":329,"column":38}},"101":{"start":{"line":330,"column":12},"end":{"line":330,"column":11442}},"102":{"start":{"line":332,"column":16},"end":{"line":332,"column":24}},"103":{"start":{"line":334,"column":12},"end":{"line":334,"column":40}},"104":{"start":{"line":337,"column":8},"end":{"line":337,"column":18}},"105":{"start":{"line":358,"column":8},"end":{"line":358,"column":12300}},"106":{"start":{"line":359,"column":12},"end":{"line":359,"column":24}},"107":{"start":{"line":362,"column":8},"end":{"line":362,"column":12380}},"108":{"start":{"line":363,"column":12},"end":{"line":363,"column":23}},"109":{"start":{"line":373,"column":8},"end":{"line":373,"column":20}},"110":{"start":{"line":384,"column":8},"end":{"line":384,"column":13126}},"111":{"start":{"line":385,"column":12},"end":{"line":385,"column":23}},"112":{"start":{"line":388,"column":8},"end":{"line":388,"column":24}},"113":{"start":{"line":389,"column":8},"end":{"line":389,"column":13233}},"114":{"start":{"line":398,"column":8},"end":{"line":398,"column":13562}},"115":{"start":{"line":399,"column":12},"end":{"line":399,"column":35}},"116":{"start":{"line":400,"column":12},"end":{"line":400,"column":35}},"117":{"start":{"line":403,"column":8},"end":{"line":403,"column":19}},"118":{"start":{"line":413,"column":8},"end":{"line":413,"column":14036}},"119":{"start":{"line":414,"column":12},"end":{"line":414,"column":24}},"120":{"start":{"line":417,"column":8},"end":{"line":417,"column":57}},"121":{"start":{"line":419,"column":8},"end":{"line":419,"column":14179}},"122":{"start":{"line":420,"column":12},"end":{"line":420,"column":23}},"123":{"start":{"line":430,"column":8},"end":{"line":430,"column":20}},"124":{"start":{"line":441,"column":8},"end":{"line":441,"column":14865}},"125":{"start":{"line":442,"column":12},"end":{"line":442,"column":23}},"126":{"start":{"line":445,"column":8},"end":{"line":445,"column":57}},"127":{"start":{"line":446,"column":8},"end":{"line":446,"column":24}},"128":{"start":{"line":447,"column":8},"end":{"line":447,"column":15033}},"129":{"start":{"line":455,"column":8},"end":{"line":455,"column":15315}},"130":{"start":{"line":456,"column":12},"end":{"line":456,"column":35}},"131":{"start":{"line":459,"column":8},"end":{"line":459,"column":19}},"132":{"start":{"line":467,"column":8},"end":{"line":467,"column":25}},"133":{"start":{"line":470,"column":8},"end":{"line":470,"column":15776}},"134":{"start":{"line":471,"column":12},"end":{"line":471,"column":15821}},"135":{"start":{"line":472,"column":16},"end":{"line":472,"column":73}},"136":{"start":{"line":477,"column":16},"end":{"line":477,"column":55}},"137":{"start":{"line":481,"column":16},"end":{"line":481,"column":16213}},"138":{"start":{"line":482,"column":20},"end":{"line":482,"column":16298}},"139":{"start":{"line":483,"column":24},"end":{"line":483,"column":48}},"140":{"start":{"line":487,"column":16},"end":{"line":487,"column":26}},"141":{"start":{"line":493,"column":16},"end":{"line":493,"column":16663}},"142":{"start":{"line":496,"column":20},"end":{"line":496,"column":16859}},"143":{"start":{"line":497,"column":24},"end":{"line":497,"column":34}},"144":{"start":{"line":498,"column":20},"end":{"line":498,"column":27}},"145":{"start":{"line":502,"column":8},"end":{"line":502,"column":32}},"146":{"start":{"line":510,"column":8},"end":{"line":510,"column":17304}},"147":{"start":{"line":511,"column":12},"end":{"line":511,"column":17349}},"148":{"start":{"line":512,"column":16},"end":{"line":512,"column":73}},"149":{"start":{"line":517,"column":16},"end":{"line":517,"column":50}},"150":{"start":{"line":521,"column":16},"end":{"line":521,"column":17736}},"151":{"start":{"line":522,"column":20},"end":{"line":522,"column":17811}},"152":{"start":{"line":523,"column":24},"end":{"line":523,"column":38}},"153":{"start":{"line":527,"column":16},"end":{"line":527,"column":38}},"154":{"start":{"line":532,"column":16},"end":{"line":532,"column":52}},"155":{"start":{"line":533,"column":16},"end":{"line":533,"column":18246}},"156":{"start":{"line":536,"column":20},"end":{"line":536,"column":18428}},"157":{"start":{"line":537,"column":24},"end":{"line":537,"column":46}},"158":{"start":{"line":538,"column":20},"end":{"line":538,"column":27}},"159":{"start":{"line":542,"column":8},"end":{"line":542,"column":22}},"160":{"start":{"line":554,"column":8},"end":{"line":554,"column":73}},"161":{"start":{"line":555,"column":8},"end":{"line":555,"column":35}},"162":{"start":{"line":556,"column":8},"end":{"line":556,"column":22}},"163":{"start":{"line":557,"column":8},"end":{"line":557,"column":19}},"164":{"start":{"line":569,"column":8},"end":{"line":569,"column":74}},"165":{"start":{"line":570,"column":8},"end":{"line":570,"column":34}},"166":{"start":{"line":571,"column":8},"end":{"line":571,"column":19}},"167":{"start":{"line":585,"column":8},"end":{"line":585,"column":73}},"168":{"start":{"line":586,"column":8},"end":{"line":586,"column":29}},"169":{"start":{"line":587,"column":8},"end":{"line":587,"column":35}},"170":{"start":{"line":588,"column":8},"end":{"line":588,"column":20504}},"171":{"start":{"line":590,"column":12},"end":{"line":590,"column":24}},"172":{"start":{"line":592,"column":12},"end":{"line":592,"column":48}},"173":{"start":{"line":593,"column":12},"end":{"line":593,"column":40}},"174":{"start":{"line":595,"column":8},"end":{"line":595,"column":20}},"175":{"start":{"line":608,"column":8},"end":{"line":608,"column":33}},"176":{"start":{"line":622,"column":8},"end":{"line":622,"column":74}},"177":{"start":{"line":623,"column":8},"end":{"line":623,"column":23}},"178":{"start":{"line":624,"column":8},"end":{"line":624,"column":49}},"179":{"start":{"line":625,"column":8},"end":{"line":625,"column":22123}},"180":{"start":{"line":627,"column":12},"end":{"line":627,"column":24}},"181":{"start":{"line":629,"column":12},"end":{"line":629,"column":48}},"182":{"start":{"line":631,"column":8},"end":{"line":631,"column":20}},"183":{"start":{"line":644,"column":8},"end":{"line":644,"column":34}},"184":{"start":{"line":654,"column":8},"end":{"line":654,"column":87}},"185":{"start":{"line":655,"column":8},"end":{"line":655,"column":23368}},"186":{"start":{"line":657,"column":12},"end":{"line":657,"column":100}},"187":{"start":{"line":668,"column":8},"end":{"line":668,"column":84}},"188":{"start":{"line":679,"column":8},"end":{"line":679,"column":61}},"189":{"start":{"line":682,"column":8},"end":{"line":682,"column":43}},"190":{"start":{"line":683,"column":8},"end":{"line":683,"column":57}},"191":{"start":{"line":684,"column":8},"end":{"line":684,"column":18}},"192":{"start":{"line":696,"column":8},"end":{"line":696,"column":25042}},"193":{"start":{"line":697,"column":12},"end":{"line":697,"column":21}},"194":{"start":{"line":699,"column":8},"end":{"line":699,"column":51}},"195":{"start":{"line":700,"column":8},"end":{"line":700,"column":25169}},"196":{"start":{"line":701,"column":12},"end":{"line":701,"column":34}},"197":{"start":{"line":703,"column":8},"end":{"line":703,"column":45}},"198":{"start":{"line":707,"column":8},"end":{"line":707,"column":25348}},"199":{"start":{"line":708,"column":12},"end":{"line":708,"column":55}},"200":{"start":{"line":709,"column":12},"end":{"line":709,"column":34}},"201":{"start":{"line":710,"column":12},"end":{"line":710,"column":25498}},"202":{"start":{"line":711,"column":16},"end":{"line":711,"column":51}},"203":{"start":{"line":712,"column":16},"end":{"line":712,"column":34}},"204":{"start":{"line":716,"column":8},"end":{"line":716,"column":18}}},"branchMap":{"1":{"line":84,"type":"if","locations":[{"start":{"line":84,"column":8},"end":{"line":84,"column":8}},{"start":{"line":84,"column":8},"end":{"line":84,"column":8}}]},"2":{"line":86,"type":"if","locations":[{"start":{"line":86,"column":8},"end":{"line":86,"column":8}},{"start":{"line":86,"column":8},"end":{"line":86,"column":8}}]},"3":{"line":90,"type":"if","locations":[{"start":{"line":90,"column":8},"end":{"line":90,"column":8}},{"start":{"line":90,"column":8},"end":{"line":90,"column":8}}]},"4":{"line":94,"type":"if","locations":[{"start":{"line":94,"column":8},"end":{"line":94,"column":8}},{"start":{"line":94,"column":8},"end":{"line":94,"column":8}}]},"5":{"line":98,"type":"if","locations":[{"start":{"line":98,"column":8},"end":{"line":98,"column":8}},{"start":{"line":98,"column":8},"end":{"line":98,"column":8}}]},"6":{"line":102,"type":"if","locations":[{"start":{"line":102,"column":8},"end":{"line":102,"column":8}},{"start":{"line":102,"column":8},"end":{"line":102,"column":8}}]},"7":{"line":164,"type":"if","locations":[{"start":{"line":164,"column":12},"end":{"line":164,"column":12}},{"start":{"line":164,"column":12},"end":{"line":164,"column":12}}]},"8":{"line":166,"type":"if","locations":[{"start":{"line":166,"column":19},"end":{"line":166,"column":19}},{"start":{"line":166,"column":19},"end":{"line":166,"column":19}}]},"9":{"line":168,"type":"if","locations":[{"start":{"line":168,"column":19},"end":{"line":168,"column":19}},{"start":{"line":168,"column":19},"end":{"line":168,"column":19}}]},"10":{"line":170,"type":"if","locations":[{"start":{"line":170,"column":19},"end":{"line":170,"column":19}},{"start":{"line":170,"column":19},"end":{"line":170,"column":19}}]},"11":{"line":172,"type":"if","locations":[{"start":{"line":172,"column":19},"end":{"line":172,"column":19}},{"start":{"line":172,"column":19},"end":{"line":172,"column":19}}]},"12":{"line":200,"type":"if","locations":[{"start":{"line":200,"column":8},"end":{"line":200,"column":8}},{"start":{"line":200,"column":8},"end":{"line":200,"column":8}}]},"13":{"line":212,"type":"if","locations":[{"start":{"line":212,"column":12},"end":{"line":212,"column":12}},{"start":{"line":212,"column":12},"end":{"line":212,"column":12}}]},"14":{"line":215,"type":"if","locations":[{"start":{"line":215,"column":16},"end":{"line":215,"column":16}},{"start":{"line":215,"column":16},"end":{"line":215,"column":16}}]},"15":{"line":219,"type":"if","locations":[{"start":{"line":219,"column":16},"end":{"line":219,"column":16}},{"start":{"line":219,"column":16},"end":{"line":219,"column":16}}]},"16":{"line":248,"type":"if","locations":[{"start":{"line":248,"column":8},"end":{"line":248,"column":8}},{"start":{"line":248,"column":8},"end":{"line":248,"column":8}}]},"17":{"line":257,"type":"if","locations":[{"start":{"line":257,"column":8},"end":{"line":257,"column":8}},{"start":{"line":257,"column":8},"end":{"line":257,"column":8}}]},"18":{"line":259,"type":"if","locations":[{"start":{"line":259,"column":15},"end":{"line":259,"column":15}},{"start":{"line":259,"column":15},"end":{"line":259,"column":15}}]},"19":{"line":261,"type":"if","locations":[{"start":{"line":261,"column":15},"end":{"line":261,"column":15}},{"start":{"line":261,"column":15},"end":{"line":261,"column":15}}]},"20":{"line":268,"type":"if","locations":[{"start":{"line":268,"column":8},"end":{"line":268,"column":8}},{"start":{"line":268,"column":8},"end":{"line":268,"column":8}}]},"21":{"line":297,"type":"if","locations":[{"start":{"line":297,"column":8},"end":{"line":297,"column":8}},{"start":{"line":297,"column":8},"end":{"line":297,"column":8}}]},"22":{"line":308,"type":"if","locations":[{"start":{"line":308,"column":8},"end":{"line":308,"column":8}},{"start":{"line":308,"column":8},"end":{"line":308,"column":8}}]},"23":{"line":311,"type":"if","locations":[{"start":{"line":311,"column":15},"end":{"line":311,"column":15}},{"start":{"line":311,"column":15},"end":{"line":311,"column":15}}]},"24":{"line":314,"type":"if","locations":[{"start":{"line":314,"column":15},"end":{"line":314,"column":15}},{"start":{"line":314,"column":15},"end":{"line":314,"column":15}}]},"25":{"line":323,"type":"if","locations":[{"start":{"line":323,"column":8},"end":{"line":323,"column":8}},{"start":{"line":323,"column":8},"end":{"line":323,"column":8}}]},"26":{"line":330,"type":"if","locations":[{"start":{"line":330,"column":12},"end":{"line":330,"column":12}},{"start":{"line":330,"column":12},"end":{"line":330,"column":12}}]},"27":{"line":358,"type":"if","locations":[{"start":{"line":358,"column":8},"end":{"line":358,"column":8}},{"start":{"line":358,"column":8},"end":{"line":358,"column":8}}]},"28":{"line":362,"type":"if","locations":[{"start":{"line":362,"column":8},"end":{"line":362,"column":8}},{"start":{"line":362,"column":8},"end":{"line":362,"column":8}}]},"29":{"line":384,"type":"if","locations":[{"start":{"line":384,"column":8},"end":{"line":384,"column":8}},{"start":{"line":384,"column":8},"end":{"line":384,"column":8}}]},"30":{"line":389,"type":"if","locations":[{"start":{"line":389,"column":8},"end":{"line":389,"column":8}},{"start":{"line":389,"column":8},"end":{"line":389,"column":8}}]},"31":{"line":398,"type":"if","locations":[{"start":{"line":398,"column":8},"end":{"line":398,"column":8}},{"start":{"line":398,"column":8},"end":{"line":398,"column":8}}]},"32":{"line":413,"type":"if","locations":[{"start":{"line":413,"column":8},"end":{"line":413,"column":8}},{"start":{"line":413,"column":8},"end":{"line":413,"column":8}}]},"33":{"line":419,"type":"if","locations":[{"start":{"line":419,"column":8},"end":{"line":419,"column":8}},{"start":{"line":419,"column":8},"end":{"line":419,"column":8}}]},"34":{"line":441,"type":"if","locations":[{"start":{"line":441,"column":8},"end":{"line":441,"column":8}},{"start":{"line":441,"column":8},"end":{"line":441,"column":8}}]},"35":{"line":447,"type":"if","locations":[{"start":{"line":447,"column":8},"end":{"line":447,"column":8}},{"start":{"line":447,"column":8},"end":{"line":447,"column":8}}]},"36":{"line":455,"type":"if","locations":[{"start":{"line":455,"column":8},"end":{"line":455,"column":8}},{"start":{"line":455,"column":8},"end":{"line":455,"column":8}}]},"37":{"line":470,"type":"if","locations":[{"start":{"line":470,"column":8},"end":{"line":470,"column":8}},{"start":{"line":470,"column":8},"end":{"line":470,"column":8}}]},"38":{"line":471,"type":"if","locations":[{"start":{"line":471,"column":12},"end":{"line":471,"column":12}},{"start":{"line":471,"column":12},"end":{"line":471,"column":12}}]},"39":{"line":482,"type":"if","locations":[{"start":{"line":482,"column":20},"end":{"line":482,"column":20}},{"start":{"line":482,"column":20},"end":{"line":482,"column":20}}]},"40":{"line":496,"type":"if","locations":[{"start":{"line":496,"column":20},"end":{"line":496,"column":20}},{"start":{"line":496,"column":20},"end":{"line":496,"column":20}}]},"41":{"line":510,"type":"if","locations":[{"start":{"line":510,"column":8},"end":{"line":510,"column":8}},{"start":{"line":510,"column":8},"end":{"line":510,"column":8}}]},"42":{"line":511,"type":"if","locations":[{"start":{"line":511,"column":12},"end":{"line":511,"column":12}},{"start":{"line":511,"column":12},"end":{"line":511,"column":12}}]},"43":{"line":522,"type":"if","locations":[{"start":{"line":522,"column":20},"end":{"line":522,"column":20}},{"start":{"line":522,"column":20},"end":{"line":522,"column":20}}]},"44":{"line":536,"type":"if","locations":[{"start":{"line":536,"column":20},"end":{"line":536,"column":20}},{"start":{"line":536,"column":20},"end":{"line":536,"column":20}}]},"45":{"line":588,"type":"if","locations":[{"start":{"line":588,"column":8},"end":{"line":588,"column":8}},{"start":{"line":588,"column":8},"end":{"line":588,"column":8}}]},"46":{"line":625,"type":"if","locations":[{"start":{"line":625,"column":8},"end":{"line":625,"column":8}},{"start":{"line":625,"column":8},"end":{"line":625,"column":8}}]},"47":{"line":696,"type":"if","locations":[{"start":{"line":696,"column":8},"end":{"line":696,"column":8}},{"start":{"line":696,"column":8},"end":{"line":696,"column":8}}]},"48":{"line":710,"type":"if","locations":[{"start":{"line":710,"column":12},"end":{"line":710,"column":12}},{"start":{"line":710,"column":12},"end":{"line":710,"column":12}}]}}}}