TN:
SF:D:/Blockchain/Single Project/BlockchainSemanticNet/contracts/SemanticNet.sol
FN:24,
FN:44,getNodeJson
FN:120,notDuplicate
FN:154,addNode
FNF:4
FNH:3
FNDA:7,
FNDA:1,getNodeJson
FNDA:0,notDuplicate
FNDA:22,addNode
DA:25,7
DA:26,7
DA:28,7
DA:29,7
DA:30,7
DA:31,7
DA:33,7
DA:35,7
DA:36,7
DA:37,7
DA:45,1
DA:47,1
DA:48,1
DA:49,1
DA:52,1
DA:54,1
DA:55,1
DA:57,1
DA:60,1
DA:61,1
DA:63,0
DA:69,1
DA:70,1
DA:72,1
DA:91,1
DA:122,0
DA:123,0
DA:124,0
DA:126,0
DA:128,0
DA:129,0
DA:130,0
DA:133,0
DA:135,0
DA:136,0
DA:137,0
DA:138,0
DA:139,0
DA:140,0
DA:144,0
DA:150,0
DA:157,22
DA:158,22
DA:159,22
DA:162,22
DA:164,22
DA:166,8
DA:167,8
DA:169,8
DA:172,8
DA:175,22
DA:176,22
DA:178,22
DA:179,22
DA:180,22
DA:181,22
DA:182,22
DA:186,22
DA:187,30
DA:191,22
DA:194,22
DA:196,22
DA:197,22
DA:199,22
DA:201,22
LF:65
LH:48
BRDA:45,1,0,1
BRDA:45,1,1,0
BRDA:138,2,0,0
BRDA:138,2,1,0
BRDA:144,3,0,0
BRDA:144,3,1,0
BRF:6
BRH:1
end_of_record
TN:
SF:D:/Blockchain/Single Project/BlockchainSemanticNet/contracts/strings.sol
FN:45,memcpy
FN:69,toSlice
FN:82,len
FN:115,toSliceB32
FN:131,copy
FN:140,toString
FN:157,len
FN:185,empty
FN:198,compare
FN:234,equals
FN:245,nextRune
FN:287,nextRune
FN:296,ord
FN:345,keccak
FN:357,startsWith
FN:383,beyond
FN:412,endsWith
FN:440,until
FN:466,findPtr
FN:507,rfindPtr
FN:553,find
FN:568,rfind
FN:584,split
FN:607,split
FN:621,rsplit
FN:643,rsplit
FN:653,count
FN:667,contains
FN:678,concat
FN:695,join
FNF:30
FNH:4
FNDA:148,memcpy
FNDA:147,toSlice
FNDA:0,len
FNDA:0,toSliceB32
FNDA:0,copy
FNDA:24,toString
FNDA:0,len
FNDA:0,empty
FNDA:0,compare
FNDA:0,equals
FNDA:0,nextRune
FNDA:0,nextRune
FNDA:0,ord
FNDA:0,keccak
FNDA:0,startsWith
FNDA:0,beyond
FNDA:0,endsWith
FNDA:0,until
FNDA:0,findPtr
FNDA:0,rfindPtr
FNDA:0,find
FNDA:0,rfind
FNDA:0,split
FNDA:0,split
FNDA:0,rsplit
FNDA:0,rsplit
FNDA:0,count
FNDA:0,contains
FNDA:62,concat
FNDA:0,join
DA:47,148
DA:48,0
DA:51,0
DA:52,0
DA:56,148
DA:57,148
DA:70,147
DA:71,147
DA:74,147
DA:83,0
DA:84,0
DA:85,0
DA:86,0
DA:87,0
DA:88,0
DA:90,0
DA:91,0
DA:92,0
DA:94,0
DA:95,0
DA:96,0
DA:98,0
DA:99,0
DA:100,0
DA:102,0
DA:103,0
DA:105,0
DA:117,0
DA:123,0
DA:132,0
DA:141,24
DA:142,24
DA:143,24
DA:145,24
DA:146,24
DA:159,0
DA:160,0
DA:161,0
DA:162,0
DA:163,0
DA:164,0
DA:165,0
DA:167,0
DA:169,0
DA:171,0
DA:173,0
DA:175,0
DA:186,0
DA:199,0
DA:200,0
DA:201,0
DA:203,0
DA:204,0
DA:205,0
DA:206,0
DA:207,0
DA:208,0
DA:212,0
DA:214,0
DA:215,0
DA:216,0
DA:218,0
DA:219,0
DA:220,0
DA:222,0
DA:223,0
DA:225,0
DA:235,0
DA:246,0
DA:248,0
DA:249,0
DA:250,0
DA:253,0
DA:254,0
DA:256,0
DA:257,0
DA:258,0
DA:260,0
DA:262,0
DA:264,0
DA:268,0
DA:269,0
DA:270,0
DA:271,0
DA:272,0
DA:275,0
DA:276,0
DA:277,0
DA:278,0
DA:288,0
DA:297,0
DA:298,0
DA:301,0
DA:302,0
DA:303,0
DA:306,0
DA:307,0
DA:308,0
DA:309,0
DA:310,0
DA:312,0
DA:313,0
DA:315,0
DA:316,0
DA:318,0
DA:319,0
DA:323,0
DA:324,0
DA:327,0
DA:328,0
DA:329,0
DA:330,0
DA:332,0
DA:334,0
DA:337,0
DA:346,0
DA:358,0
DA:359,0
DA:362,0
DA:363,0
DA:366,0
DA:367,0
DA:373,0
DA:384,0
DA:385,0
DA:388,0
DA:389,0
DA:390,0
DA:398,0
DA:399,0
DA:400,0
DA:403,0
DA:413,0
DA:414,0
DA:417,0
DA:419,0
DA:420,0
DA:423,0
DA:424,0
DA:430,0
DA:441,0
DA:442,0
DA:445,0
DA:446,0
DA:447,0
DA:448,0
DA:455,0
DA:456,0
DA:459,0
DA:467,0
DA:468,0
DA:470,0
DA:471,0
DA:472,0
DA:474,0
DA:475,0
DA:477,0
DA:478,0
DA:479,0
DA:481,0
DA:482,0
DA:483,0
DA:484,0
DA:485,0
DA:487,0
DA:490,0
DA:491,0
DA:493,0
DA:494,0
DA:495,0
DA:496,0
DA:497,0
DA:498,0
DA:502,0
DA:508,0
DA:510,0
DA:511,0
DA:512,0
DA:514,0
DA:515,0
DA:517,0
DA:518,0
DA:519,0
DA:521,0
DA:522,0
DA:523,0
DA:524,0
DA:525,0
DA:527,0
DA:530,0
DA:531,0
DA:532,0
DA:533,0
DA:534,0
DA:535,0
DA:536,0
DA:537,0
DA:538,0
DA:542,0
DA:554,0
DA:555,0
DA:556,0
DA:557,0
DA:569,0
DA:570,0
DA:571,0
DA:585,0
DA:586,0
DA:587,0
DA:588,0
DA:590,0
DA:592,0
DA:593,0
DA:595,0
DA:608,0
DA:622,0
DA:623,0
DA:624,0
DA:625,0
DA:627,0
DA:629,0
DA:631,0
DA:644,0
DA:654,0
DA:655,0
DA:656,0
DA:657,0
DA:668,0
DA:679,62
DA:680,62
DA:681,62
DA:682,62
DA:683,62
DA:684,62
DA:696,0
DA:697,0
DA:699,0
DA:700,0
DA:701,0
DA:703,0
DA:704,0
DA:705,0
DA:707,0
DA:708,0
DA:709,0
DA:710,0
DA:711,0
DA:712,0
DA:716,0
LF:249
LH:17
BRDA:84,1,0,0
BRDA:84,1,1,0
BRDA:86,2,0,0
BRDA:86,2,1,0
BRDA:90,3,0,0
BRDA:90,3,1,0
BRDA:94,4,0,0
BRDA:94,4,1,0
BRDA:98,5,0,0
BRDA:98,5,1,0
BRDA:102,6,0,0
BRDA:102,6,1,0
BRDA:164,7,0,0
BRDA:164,7,1,0
BRDA:166,8,0,0
BRDA:166,8,1,0
BRDA:168,9,0,0
BRDA:168,9,1,0
BRDA:170,10,0,0
BRDA:170,10,1,0
BRDA:172,11,0,0
BRDA:172,11,1,0
BRDA:200,12,0,0
BRDA:200,12,1,0
BRDA:212,13,0,0
BRDA:212,13,1,0
BRDA:215,14,0,0
BRDA:215,14,1,0
BRDA:219,15,0,0
BRDA:219,15,1,0
BRDA:248,16,0,0
BRDA:248,16,1,0
BRDA:257,17,0,0
BRDA:257,17,1,0
BRDA:259,18,0,0
BRDA:259,18,1,0
BRDA:261,19,0,0
BRDA:261,19,1,0
BRDA:268,20,0,0
BRDA:268,20,1,0
BRDA:297,21,0,0
BRDA:297,21,1,0
BRDA:308,22,0,0
BRDA:308,22,1,0
BRDA:311,23,0,0
BRDA:311,23,1,0
BRDA:314,24,0,0
BRDA:314,24,1,0
BRDA:323,25,0,0
BRDA:323,25,1,0
BRDA:330,26,0,0
BRDA:330,26,1,0
BRDA:358,27,0,0
BRDA:358,27,1,0
BRDA:362,28,0,0
BRDA:362,28,1,0
BRDA:384,29,0,0
BRDA:384,29,1,0
BRDA:389,30,0,0
BRDA:389,30,1,0
BRDA:398,31,0,0
BRDA:398,31,1,0
BRDA:413,32,0,0
BRDA:413,32,1,0
BRDA:419,33,0,0
BRDA:419,33,1,0
BRDA:441,34,0,0
BRDA:441,34,1,0
BRDA:447,35,0,0
BRDA:447,35,1,0
BRDA:455,36,0,0
BRDA:455,36,1,0
BRDA:470,37,0,0
BRDA:470,37,1,0
BRDA:471,38,0,0
BRDA:471,38,1,0
BRDA:482,39,0,0
BRDA:482,39,1,0
BRDA:496,40,0,0
BRDA:496,40,1,0
BRDA:510,41,0,0
BRDA:510,41,1,0
BRDA:511,42,0,0
BRDA:511,42,1,0
BRDA:522,43,0,0
BRDA:522,43,1,0
BRDA:536,44,0,0
BRDA:536,44,1,0
BRDA:588,45,0,0
BRDA:588,45,1,0
BRDA:625,46,0,0
BRDA:625,46,1,0
BRDA:696,47,0,0
BRDA:696,47,1,0
BRDA:710,48,0,0
BRDA:710,48,1,0
BRF:96
BRH:0
end_of_record
